#
# A fatal error has been detected by the Java Runtime Environment:
#
#  EXCEPTION_ILLEGAL_INSTRUCTION (0xc000001d) at pc=0x0000000002c6fc30, pid=5636, tid=0x00000000000015ec
#
# JRE version: Java(TM) SE Runtime Environment (8.0_181-b13) (build 1.8.0_181-b13)
# Java VM: Java HotSpot(TM) 64-Bit Server VM (25.181-b13 mixed mode windows-amd64 compressed oops)
# Problematic frame:
# J 1065 C2 java.util.concurrent.locks.ReentrantLock$Sync.isHeldExclusively()Z (16 bytes) @ 0x0000000002c6fc30 [0x0000000002c6fc40+0xfffffff0]
#
# Failed to write core dump. Minidumps are not enabled by default on client versions of Windows
#
# If you would like to submit a bug report, please visit:
#   http://bugreport.java.com/bugreport/crash.jsp
#

---------------  T H R E A D  ---------------

Current thread (0x0000000057414800):  JavaThread "AWT-EventQueue-0" [_thread_in_Java, id=5612, stack(0x00000000589a0000,0x0000000058aa0000)]

siginfo: ExceptionCode=0xc000001d

Registers:
RAX=0x0000000014876dd0, RBX=0x000000005bb0a5d0, RCX=0x0000000000000001, RDX=0x00000000ead42cd0
RSP=0x0000000058a9ec28, RBP=0x0000000058a9ef70, RSI=0x00000000ead42d60, RDI=0x0000000014876dd0
R8 =0x00000000ead51ee0, R9 =0x00000000147fc308, R10=0x0000000000000006, R11=0x00000000147fbd38
R12=0x0000000000000000, R13=0x00000000eae4b978, R14=0x0000000000000188, R15=0x0000000057414800
RIP=0x0000000002c6fc30, EFLAGS=0x0000000000010202

Top of Stack: (sp=0x0000000058a9ec28)
0x0000000058a9ec28:   0000000002b639bc 0000000057414800
0x0000000058a9ec38:   0000000058a9ec00 0000000000000000
0x0000000058a9ec48:   0000000000000000 00000000eae4b7a0
0x0000000058a9ec58:   0000000000000000 0000000057414800
0x0000000058a9ec68:   0000000065c62e12 0000000000000000
0x0000000058a9ec78:   00000000eb292178 00000000ead43248
0x0000000058a9ec88:   0000000000000001 00000000eb374540
0x0000000058a9ec98:   00000000ead42d60 0000000000000058
0x0000000058a9eca8:   0000000058a9ed00 00000000eb374168
0x0000000058a9ecb8:   00000000eb374520 0000000100000000
0x0000000058a9ecc8:   00000000ead42cd0 0000000058a9ef70
0x0000000058a9ecd8:   0000000002afdb3c 00000000ead412e8
0x0000000058a9ece8:   00000000ead43620 00000000eae4b7a0
0x0000000058a9ecf8:   0000000000000188 0000000058a9ef70
0x0000000058a9ed08:   0000000002bd88bc 00000000ead43248
0x0000000058a9ed18:   00000000eb292178 00000000ead43620 

Instructions: (pc=0x0000000002c6fc30)
0x0000000002c6fc10:   e0 fc c6 02 00 00 00 00 e0 fc c6 02 00 00 00 00
0x0000000002c6fc20:   e0 fc c6 02 00 00 00 00 ff ff ff ff ff ff ff ff
0x0000000002c6fc30:   07 60 32 b4 16 64 11 00 00 64 0f 64 00 00 00 00
0x0000000002c6fc40:   44 8b 52 08 49 3b c2 0f 85 13 63 cb ff 66 66 90 


Register to memory mapping:

RAX=0x0000000014876dd0 is pointing into metadata
RBX=0x000000005bb0a5d0 is pointing into metadata
RCX=0x0000000000000001 is an unknown value
RDX=0x00000000ead42cd0 is an oop
java.util.concurrent.locks.ReentrantLock$NonfairSync 
 - klass: 'java/util/concurrent/locks/ReentrantLock$NonfairSync'
RSP=0x0000000058a9ec28 is pointing into the stack for thread: 0x0000000057414800
RBP=0x0000000058a9ef70 is pointing into the stack for thread: 0x0000000057414800
RSI=0x00000000ead42d60 is an oop
java.util.concurrent.locks.AbstractQueuedSynchronizer$ConditionObject 
 - klass: 'java/util/concurrent/locks/AbstractQueuedSynchronizer$ConditionObject'
RDI=0x0000000014876dd0 is pointing into metadata
R8 =0x00000000ead51ee0 is an oop
java.util.HashMap 
 - klass: 'java/util/HashMap'
R9 =0x00000000147fc308 is pointing into metadata
R10=0x0000000000000006 is an unknown value
R11=0x00000000147fbd38 is pointing into metadata
R12=0x0000000000000000 is an unknown value
R13=0x00000000eae4b978 is an oop
[Ljava.util.HashMap$Node; 
 - klass: 'java/util/HashMap$Node'[]
 - length: 8
R14=0x0000000000000188 is an unknown value
R15=0x0000000057414800 is a thread


Stack: [0x00000000589a0000,0x0000000058aa0000],  sp=0x0000000058a9ec28,  free space=1019k
Native frames: (J=compiled Java code, j=interpreted, Vv=VM code, C=native code)
C  0x0000000002c6fc30


---------------  P R O C E S S  ---------------

Java Threads: ( => current thread )
  0x0000000057571000 JavaThread "TimerQueue" daemon [_thread_blocked, id=5976, stack(0x000000005df60000,0x000000005e060000)]
  0x00000000022de800 JavaThread "DestroyJavaVM" [_thread_blocked, id=4120, stack(0x0000000002510000,0x0000000002610000)]
  0x000000005753b000 JavaThread "D3D Screen Updater" daemon [_thread_in_native, id=4584, stack(0x000000005c220000,0x000000005c320000)]
=>0x0000000057414800 JavaThread "AWT-EventQueue-0" [_thread_in_Java, id=5612, stack(0x00000000589a0000,0x0000000058aa0000)]
  0x0000000056b12800 JavaThread "AWT-Windows" daemon [_thread_blocked, id=3196, stack(0x0000000058120000,0x0000000058220000)]
  0x0000000056b12000 JavaThread "AWT-Shutdown" [_thread_blocked, id=6080, stack(0x0000000057f30000,0x0000000058030000)]
  0x0000000056b11000 JavaThread "Java2D Disposer" daemon [_thread_blocked, id=6060, stack(0x0000000057d00000,0x0000000057e00000)]
  0x00000000567e4000 JavaThread "Service Thread" daemon [_thread_blocked, id=6008, stack(0x00000000570e0000,0x00000000571e0000)]
  0x00000000551da000 JavaThread "C1 CompilerThread2" daemon [_thread_blocked, id=6000, stack(0x0000000056fe0000,0x00000000570e0000)]
  0x000000005676a800 JavaThread "C2 CompilerThread1" daemon [_thread_blocked, id=3348, stack(0x0000000056500000,0x0000000056600000)]
  0x0000000056763800 JavaThread "C2 CompilerThread0" daemon [_thread_blocked, id=6064, stack(0x0000000056ec0000,0x0000000056fc0000)]
  0x00000000551d5000 JavaThread "Attach Listener" daemon [_thread_blocked, id=5428, stack(0x0000000056d30000,0x0000000056e30000)]
  0x00000000551d4800 JavaThread "Signal Dispatcher" daemon [_thread_blocked, id=5240, stack(0x0000000056be0000,0x0000000056ce0000)]
  0x00000000551ba000 JavaThread "Finalizer" daemon [_thread_blocked, id=5484, stack(0x0000000056660000,0x0000000056760000)]
  0x0000000055172800 JavaThread "Reference Handler" daemon [_thread_blocked, id=6048, stack(0x0000000056200000,0x0000000056300000)]

Other Threads:
  0x000000005516b000 VMThread [stack: 0x0000000056390000,0x0000000056490000] [id=5364]
  0x00000000551df800 WatcherThread [stack: 0x0000000057300000,0x0000000057400000] [id=6084]

VM state:not at safepoint (normal execution)

VM Mutex/Monitor currently owned by a thread: None

Heap:
 PSYoungGen      total 18944K, used 8850K [0x00000000eab00000, 0x00000000ec000000, 0x0000000100000000)
  eden space 16384K, 54% used [0x00000000eab00000,0x00000000eb3a49c0,0x00000000ebb00000)
  from space 2560K, 0% used [0x00000000ebd80000,0x00000000ebd80000,0x00000000ec000000)
  to   space 2560K, 0% used [0x00000000ebb00000,0x00000000ebb00000,0x00000000ebd80000)
 ParOldGen       total 44032K, used 0K [0x00000000c0000000, 0x00000000c2b00000, 0x00000000eab00000)
  object space 44032K, 0% used [0x00000000c0000000,0x00000000c0000000,0x00000000c2b00000)
 Metaspace       used 11563K, capacity 11828K, committed 12160K, reserved 1060864K
  class space    used 1505K, capacity 1582K, committed 1664K, reserved 1048576K

Card table byte_map: [0x0000000011ca0000,0x0000000011eb0000] byte_map_base: 0x00000000116a0000

Marking Bits: (ParMarkBitMap*) 0x0000000066302d00
 Begin Bits: [0x00000000125e0000, 0x00000000135e0000)
 End Bits:   [0x00000000135e0000, 0x00000000145e0000)

Polling page: 0x0000000000250000

CodeCache: size=245760Kb used=3901Kb max_used=3910Kb free=241858Kb
 bounds [0x00000000028e0000, 0x0000000002cc0000, 0x00000000118e0000]
 total_blobs=1542 nmethods=1066 adapters=389
 compilation: enabled

Compilation events (10 events):
Event: 54.862 Thread 0x00000000551da000 1062       3       sun.java2d.SunGraphics2D::setClip (14 bytes)
Event: 54.863 Thread 0x00000000551da000 nmethod 1062 0x0000000002caefd0 code [0x0000000002caf140, 0x0000000002caf418]
Event: 54.864 Thread 0x00000000551da000 1064       3       sun.java2d.pipe.Region::getIntersection (132 bytes)
Event: 54.865 Thread 0x00000000551da000 nmethod 1064 0x0000000002caf4d0 code [0x0000000002caf680, 0x0000000002cafe88]
Event: 54.865 Thread 0x00000000551da000 1063       3       sun.java2d.d3d.D3DRenderQueue::flushBuffer (46 bytes)
Event: 54.865 Thread 0x00000000551da000 nmethod 1063 0x0000000002cb0050 code [0x0000000002cb01e0, 0x0000000002cb0758]
Event: 55.693 Thread 0x000000005676a800 1065       4       java.util.concurrent.locks.ReentrantLock$Sync::isHeldExclusively (16 bytes)
Event: 55.694 Thread 0x000000005676a800 nmethod 1065 0x0000000002c6fb10 code [0x0000000002c6fc40, 0x0000000002c6fcb8]
Event: 55.878 Thread 0x00000000551da000 1066       3       sun.java2d.SunGraphics2D::setClip (17 bytes)
Event: 55.878 Thread 0x00000000551da000 nmethod 1066 0x0000000002cb2bd0 code [0x0000000002cb2d60, 0x0000000002cb32f8]

GC Heap History (0 events):
No events

Deoptimization events (10 events):
Event: 0.328 Thread 0x00000000022de800 Uncommon trap: reason=null_check action=make_not_entrant pc=0x0000000002a4c404 method=java.lang.String.equals(Ljava/lang/Object;)Z @ 8
Event: 0.657 Thread 0x0000000056b12800 Uncommon trap: reason=bimorphic action=maybe_recompile pc=0x0000000002aa29f0 method=java.util.HashMap.getNode(ILjava/lang/Object;)Ljava/util/HashMap$Node; @ 126
Event: 0.657 Thread 0x0000000056b12800 Uncommon trap: reason=bimorphic action=maybe_recompile pc=0x0000000002aa29f0 method=java.util.HashMap.getNode(ILjava/lang/Object;)Ljava/util/HashMap$Node; @ 126
Event: 0.657 Thread 0x0000000056b12800 Uncommon trap: reason=bimorphic action=maybe_recompile pc=0x0000000002aa29f0 method=java.util.HashMap.getNode(ILjava/lang/Object;)Ljava/util/HashMap$Node; @ 126
Event: 4.007 Thread 0x0000000057414800 Uncommon trap: reason=class_check action=maybe_recompile pc=0x0000000002a61c50 method=java.lang.String.equals(Ljava/lang/Object;)Z @ 8
Event: 12.345 Thread 0x0000000057414800 Uncommon trap: reason=class_check action=maybe_recompile pc=0x0000000002a61c50 method=java.lang.String.equals(Ljava/lang/Object;)Z @ 8
Event: 12.346 Thread 0x0000000057414800 Uncommon trap: reason=class_check action=maybe_recompile pc=0x0000000002a61c50 method=java.lang.String.equals(Ljava/lang/Object;)Z @ 8
Event: 12.654 Thread 0x0000000057414800 Uncommon trap: reason=unstable_if action=reinterpret pc=0x0000000002c122d4 method=java.awt.Container.findComponentAtImpl(IIZ)Ljava/awt/Component; @ 131
Event: 14.078 Thread 0x0000000057414800 Uncommon trap: reason=class_check action=maybe_recompile pc=0x0000000002a61c50 method=java.lang.String.equals(Ljava/lang/Object;)Z @ 8
Event: 21.863 Thread 0x0000000057414800 Uncommon trap: reason=unstable_if action=reinterpret pc=0x0000000002c9aa6c method=java.awt.EventQueue.noEvents()Z @ 16

Classes redefined (0 events):
No events

Internal exceptions (10 events):
Event: 0.134 Thread 0x00000000022de800 Exception <a 'java/io/FileNotFoundException'> (0x00000000eab544a0) thrown at [C:\re\workspace\8-2-build-windows-amd64-cygwin\jdk8u181\11358\hotspot\src\share\vm\prims\jni.cpp, line 709]
Event: 0.174 Thread 0x00000000022de800 Exception <a 'java/security/PrivilegedActionException'> (0x00000000eab858b8) thrown at [C:\re\workspace\8-2-build-windows-amd64-cygwin\jdk8u181\11358\hotspot\src\share\vm\prims\jvm.cpp, line 1435]
Event: 0.174 Thread 0x00000000022de800 Exception <a 'java/security/PrivilegedActionException'> (0x00000000eab85ac8) thrown at [C:\re\workspace\8-2-build-windows-amd64-cygwin\jdk8u181\11358\hotspot\src\share\vm\prims\jvm.cpp, line 1435]
Event: 0.175 Thread 0x00000000022de800 Exception <a 'java/security/PrivilegedActionException'> (0x00000000eab899d8) thrown at [C:\re\workspace\8-2-build-windows-amd64-cygwin\jdk8u181\11358\hotspot\src\share\vm\prims\jvm.cpp, line 1435]
Event: 0.175 Thread 0x00000000022de800 Exception <a 'java/security/PrivilegedActionException'> (0x00000000eab89be8) thrown at [C:\re\workspace\8-2-build-windows-amd64-cygwin\jdk8u181\11358\hotspot\src\share\vm\prims\jvm.cpp, line 1435]
Event: 0.181 Thread 0x00000000022de800 Exception <a 'java/io/FileNotFoundException'> (0x00000000eab8c990) thrown at [C:\re\workspace\8-2-build-windows-amd64-cygwin\jdk8u181\11358\hotspot\src\share\vm\prims\jni.cpp, line 709]
Event: 0.236 Thread 0x00000000022de800 Exception <a 'java/lang/NoSuchFieldError': method resolution failed> (0x00000000eacaf5b0) thrown at [C:\re\workspace\8-2-build-windows-amd64-cygwin\jdk8u181\11358\hotspot\src\share\vm\prims\methodHandles.cpp, line 1167]
Event: 0.238 Thread 0x00000000022de800 Exception <a 'java/lang/NoSuchFieldError': method resolution failed> (0x00000000eacbc980) thrown at [C:\re\workspace\8-2-build-windows-amd64-cygwin\jdk8u181\11358\hotspot\src\share\vm\prims\methodHandles.cpp, line 1167]
Event: 0.328 Thread 0x00000000022de800 Implicit null exception at 0x0000000002a4c24b to 0x0000000002a4c3f5
Event: 0.341 Thread 0x00000000022de800 Exception <a 'java/io/FileNotFoundException'> (0x00000000eadf56e0) thrown at [C:\re\workspace\8-2-build-windows-amd64-cygwin\jdk8u181\11358\hotspot\src\share\vm\prims\jni.cpp, line 709]

Events (10 events):
Event: 14.078 Thread 0x0000000057414800 Uncommon trap: trap_request=0xffffffde fr.pc=0x0000000002a61c50
Event: 14.078 Thread 0x0000000057414800 DEOPT PACKING pc=0x0000000002a61c50 sp=0x0000000058a9c7c0
Event: 14.079 Thread 0x0000000057414800 DEOPT UNPACKING pc=0x000000000292583b sp=0x0000000058a9c740 mode 2
Event: 19.359 loading class java/awt/Canvas
Event: 19.359 loading class java/awt/Canvas done
Event: 19.359 loading class java/awt/Scrollbar
Event: 19.359 loading class java/awt/Scrollbar done
Event: 21.863 Thread 0x0000000057414800 Uncommon trap: trap_request=0xffffff65 fr.pc=0x0000000002c9aa6c
Event: 21.863 Thread 0x0000000057414800 DEOPT PACKING pc=0x0000000002c9aa6c sp=0x0000000058a9ed00
Event: 21.863 Thread 0x0000000057414800 DEOPT UNPACKING pc=0x000000000292583b sp=0x0000000058a9eb78 mode 2


Dynamic libraries:
0x000000013f2c0000 - 0x000000013f2f7000 	C:\Program Files\Java\jdk1.8.0_181\bin\java.exe
0x0000000077940000 - 0x0000000077adf000 	C:\Windows\SYSTEM32\ntdll.dll
0x000007feee050000 - 0x000007feee084000 	C:\Program Files\AVAST Software\Avast\x64\aswhooka.dll
0x0000000077720000 - 0x000000007783f000 	C:\Windows\system32\kernel32.dll
0x000007fefd8f0000 - 0x000007fefd95a000 	C:\Windows\system32\KERNELBASE.dll
0x000007feffb20000 - 0x000007feffbfb000 	C:\Windows\system32\ADVAPI32.dll
0x000007fefe450000 - 0x000007fefe4ef000 	C:\Windows\system32\msvcrt.dll
0x000007fefdbc0000 - 0x000007fefdbdf000 	C:\Windows\SYSTEM32\sechost.dll
0x000007fefe4f0000 - 0x000007fefe61d000 	C:\Windows\system32\RPCRT4.dll
0x0000000077840000 - 0x000000007793a000 	C:\Windows\system32\USER32.dll
0x000007fefdaf0000 - 0x000007fefdb57000 	C:\Windows\system32\GDI32.dll
0x000007fefe440000 - 0x000007fefe44e000 	C:\Windows\system32\LPK.dll
0x000007feff840000 - 0x000007feff90b000 	C:\Windows\system32\USP10.dll
0x000007fefc0e0000 - 0x000007fefc2d4000 	C:\Windows\WinSxS\amd64_microsoft.windows.common-controls_6595b64144ccf1df_6.0.7601.18837_none_fa3b1e3d17594757\COMCTL32.dll
0x000007fefdcc0000 - 0x000007fefdd31000 	C:\Windows\system32\SHLWAPI.dll
0x000007feffc00000 - 0x000007feffc2e000 	C:\Windows\system32\IMM32.DLL
0x000007fefdf40000 - 0x000007fefe049000 	C:\Windows\system32\MSCTF.dll
0x0000000066b60000 - 0x0000000066c32000 	C:\Program Files\Java\jdk1.8.0_181\jre\bin\msvcr100.dll
0x0000000065ae0000 - 0x0000000066382000 	C:\Program Files\Java\jdk1.8.0_181\jre\bin\server\jvm.dll
0x000007fefaef0000 - 0x000007fefaef9000 	C:\Windows\system32\WSOCK32.dll
0x000007fefdaa0000 - 0x000007fefdaed000 	C:\Windows\system32\WS2_32.dll
0x000007feffb10000 - 0x000007feffb18000 	C:\Windows\system32\NSI.dll
0x000007fef83e0000 - 0x000007fef841b000 	C:\Windows\system32\WINMM.dll
0x000007fefc770000 - 0x000007fefc77c000 	C:\Windows\system32\VERSION.dll
0x0000000077ae0000 - 0x0000000077ae7000 	C:\Windows\system32\PSAPI.DLL
0x000000006bfa0000 - 0x000000006bfaf000 	C:\Program Files\Java\jdk1.8.0_181\jre\bin\verify.dll
0x000000006bf70000 - 0x000000006bf99000 	C:\Program Files\Java\jdk1.8.0_181\jre\bin\java.dll
0x000000006bf50000 - 0x000000006bf66000 	C:\Program Files\Java\jdk1.8.0_181\jre\bin\zip.dll
0x000007fefeab0000 - 0x000007feff83b000 	C:\Windows\system32\SHELL32.dll
0x000007feff910000 - 0x000007feffb0d000 	C:\Windows\system32\ole32.dll
0x000007fefd6e0000 - 0x000007fefd6ef000 	C:\Windows\system32\profapi.dll
0x00000000669c0000 - 0x0000000066b59000 	C:\Program Files\Java\jdk1.8.0_181\jre\bin\awt.dll
0x000007fefdbe0000 - 0x000007fefdcba000 	C:\Windows\system32\OLEAUT32.dll
0x000007fefbf00000 - 0x000007fefbf56000 	C:\Windows\system32\uxtheme.dll
0x000007fefb890000 - 0x000007fefb8a8000 	C:\Windows\system32\dwmapi.dll
0x000007fefd580000 - 0x000007fefd58f000 	C:\Windows\system32\CRYPTBASE.dll
0x0000000066df0000 - 0x0000000066e37000 	C:\Program Files\Java\jdk1.8.0_181\jre\bin\fontmanager.dll
0x000007fee9e30000 - 0x000007fee9f4d000 	C:\Windows\system32\opengl32.dll
0x000007feed7f0000 - 0x000007feed81d000 	C:\Windows\system32\GLU32.dll
0x000007fee9d30000 - 0x000007fee9e21000 	C:\Windows\system32\DDRAW.dll
0x000007feed7e0000 - 0x000007feed7e8000 	C:\Windows\system32\DCIMAN32.dll
0x000007fefdd40000 - 0x000007fefdf17000 	C:\Windows\system32\SETUPAPI.dll
0x000007fefd9c0000 - 0x000007fefd9f6000 	C:\Windows\system32\CFGMGR32.dll
0x000007fefd970000 - 0x000007fefd98a000 	C:\Windows\system32\DEVOBJ.dll
0x000007fee9820000 - 0x000007fee9a1f000 	C:\Windows\system32\d3d9.dll
0x000007fee9810000 - 0x000007fee9817000 	C:\Windows\system32\d3d8thk.dll
0x000007fefa020000 - 0x000007fefa12e000 	C:\Windows\system32\aticfx64.dll
0x000007fee9800000 - 0x000007fee980f000 	C:\Windows\system32\atiu9p64.dll
0x000007fee88b0000 - 0x000007fee8fdd000 	C:\Windows\system32\atiumd64.dll
0x0000000064dd0000 - 0x00000000651ee000 	C:\Windows\system32\atiumd6a.dll
0x000000006bbb0000 - 0x000000006bbca000 	C:\Program Files\Java\jdk1.8.0_181\jre\bin\net.dll
0x000007fefceb0000 - 0x000007fefcf05000 	C:\Windows\system32\mswsock.dll
0x000007fefcea0000 - 0x000007fefcea7000 	C:\Windows\System32\wship6.dll
0x0000000066ea0000 - 0x0000000066eb1000 	C:\Program Files\Java\jdk1.8.0_181\jre\bin\nio.dll
0x0000000066da0000 - 0x0000000066de2000 	C:\Program Files\Java\jdk1.8.0_181\jre\bin\t2k.dll
0x000007fefea10000 - 0x000007fefeaa9000 	C:\Windows\system32\CLBCatQ.DLL
0x000007fefb6e0000 - 0x000007fefb841000 	C:\Windows\system32\WindowsCodecs.dll
0x000007fefd520000 - 0x000007fefd577000 	C:\Windows\system32\apphelp.dll
0x000007fef9e00000 - 0x000007fefa014000 	C:\PROGRA~1\MICROS~2\Office16\GROOVEEX.DLL
0x000007fefa410000 - 0x000007fefa427000 	C:\Windows\system32\VCRUNTIME140.dll
0x000007fefa400000 - 0x000007fefa404000 	C:\Windows\system32\api-ms-win-crt-runtime-l1-1-0.dll
0x000007fef2730000 - 0x000007fef2826000 	C:\Program Files\Java\jdk1.8.0_181\jre\bin\ucrtbase.DLL
0x000007fefb680000 - 0x000007fefb683000 	C:\Program Files\Java\jdk1.8.0_181\jre\bin\api-ms-win-core-timezone-l1-1-0.dll
0x000007fefb8c0000 - 0x000007fefb8c3000 	C:\Program Files\Java\jdk1.8.0_181\jre\bin\api-ms-win-core-file-l2-1-0.dll
0x000007fef83d0000 - 0x000007fef83d3000 	C:\Program Files\Java\jdk1.8.0_181\jre\bin\api-ms-win-core-localization-l1-2-0.dll
0x000007fef5050000 - 0x000007fef5053000 	C:\Program Files\Java\jdk1.8.0_181\jre\bin\api-ms-win-core-synch-l1-2-0.dll
0x000007fef5040000 - 0x000007fef5043000 	C:\Program Files\Java\jdk1.8.0_181\jre\bin\api-ms-win-core-processthreads-l1-1-1.dll
0x000007fef5030000 - 0x000007fef5033000 	C:\Program Files\Java\jdk1.8.0_181\jre\bin\api-ms-win-core-file-l1-2-0.dll
0x000007fef9cf0000 - 0x000007fef9cf4000 	C:\Windows\system32\api-ms-win-crt-string-l1-1-0.dll
0x000007fef9ce0000 - 0x000007fef9ce3000 	C:\Windows\system32\api-ms-win-crt-heap-l1-1-0.dll
0x000007fef9cd0000 - 0x000007fef9cd4000 	C:\Windows\system32\api-ms-win-crt-stdio-l1-1-0.dll
0x000007fef9cc0000 - 0x000007fef9cc4000 	C:\Windows\system32\api-ms-win-crt-convert-l1-1-0.dll
0x000007fef9c20000 - 0x000007fef9cbe000 	C:\Windows\system32\MSVCP140.dll
0x000007fef9c10000 - 0x000007fef9c13000 	C:\Windows\system32\api-ms-win-crt-locale-l1-1-0.dll
0x000007fef9c00000 - 0x000007fef9c05000 	C:\Windows\system32\api-ms-win-crt-math-l1-1-0.dll
0x000007fef9bf0000 - 0x000007fef9bf5000 	C:\Windows\system32\api-ms-win-crt-multibyte-l1-1-0.dll
0x000007fef9be0000 - 0x000007fef9be3000 	C:\Windows\system32\api-ms-win-crt-time-l1-1-0.dll
0x000007fef9bd0000 - 0x000007fef9bd3000 	C:\Windows\system32\api-ms-win-crt-filesystem-l1-1-0.dll
0x000007fef9bc0000 - 0x000007fef9bc3000 	C:\Windows\system32\api-ms-win-crt-environment-l1-1-0.dll
0x000007fef9bb0000 - 0x000007fef9bb3000 	C:\Windows\system32\api-ms-win-crt-utility-l1-1-0.dll
0x000007fef8420000 - 0x000007fef873e000 	C:\Windows\system32\msi.dll
0x000007fef7310000 - 0x000007fef7ba8000 	C:\PROGRA~1\MICROS~2\Office16\3082\GrooveIntlResource.dll
0x000000006fc30000 - 0x000000006fdf4000 	C:\Program Files\AVAST Software\Avast\ashShA64.dll
0x000007fefbce0000 - 0x000007fefbef7000 	C:\Windows\WinSxS\amd64_microsoft.windows.gdiplus_6595b64144ccf1df_1.1.7601.23894_none_145eb2808b8d6928\gdiplus.dll
0x000007fef72d0000 - 0x000007fef7305000 	C:\Windows\system32\EhStorShell.dll
0x000007fefbf60000 - 0x000007fefc08c000 	C:\Windows\system32\PROPSYS.dll
0x000007fef7250000 - 0x000007fef72ce000 	C:\Windows\System32\cscui.dll
0x000007fef6320000 - 0x000007fef632c000 	C:\Windows\System32\CSCDLL.dll
0x000007fef6310000 - 0x000007fef631f000 	C:\Windows\system32\CSCAPI.dll
0x000007fef6290000 - 0x000007fef6310000 	C:\Windows\system32\ntshrui.dll
0x000007fefd290000 - 0x000007fefd2b3000 	C:\Windows\system32\srvcli.dll
0x000007fefb130000 - 0x000007fefb13b000 	C:\Windows\system32\slc.dll
0x000007fef8000000 - 0x000007fef8125000 	C:\Windows\system32\dbghelp.dll

VM Arguments:
jvm_args: -Dfile.encoding=UTF-8 
java_command: panel2.Panel2
java_class_path (initial): E:\java\sisgraft\build\classes
Launcher Type: SUN_STANDARD

Environment Variables:
PATH=C:\Program Files (x86)\Common Files\Intel\Shared Files\cpp\bin\Intel64;C:\Program Files (x86)\Common Files\Oracle\Java\javapath;C:\Program Files (x86)\AMD APP\bin\x86_64;C:\Program Files (x86)\AMD APP\bin\x86;C:\Windows\system32;C:\Windows;C:\Windows\System32\Wbem;C:\Windows\System32\WindowsPowerShell\v1.0\;C:\Program Files (x86)\ATI Technologies\ATI.ACE\Core-Static;C:\PROGRA~2\PICC;C:\Program Files\nodejs\;C:\Program Files\Microsoft VS Code\bin;C:\Program Files\Git\cmd;C:\Users\nova\AppData\Roaming\npm
USERNAME=nova
OS=Windows_NT
PROCESSOR_IDENTIFIER=AMD64 Family 16 Model 2 Stepping 3, AuthenticAMD



---------------  S Y S T E M  ---------------

OS: Windows 7 , 64 bit Build 7601 (6.1.7601.24168)

CPU:total 4 (initial active 4) (4 cores per cpu, 1 threads per core) family 16 model 2 stepping 3, cmov, cx8, fxsr, mmx, sse, sse2, sse3, popcnt, mmxext, 3dnowpref, lzcnt, sse4a, tsc, tscinvbit, tscinv

Memory: 4k page, physical 4193656k(1751692k free), swap 8385436k(5271808k free)

vm_info: Java HotSpot(TM) 64-Bit Server VM (25.181-b13) for windows-amd64 JRE (1.8.0_181-b13), built on Jul  7 2018 04:01:33 by "java_re" with MS VC++ 10.0 (VS2010)

time: Mon Aug 20 18:44:19 2018
elapsed time: 56 seconds (0d 0h 0m 56s)

